modulesCore/recognition/build/intermediates/manifest_merge_blame_file/release/processReleaseManifest/manifest-merger-blame-release-report.txt
1<?xml version="1.0" encoding="utf-8"?>
2<manifest xmlns:android="http://schemas.android.com/apk/res/android"
3    package="com.xuptggg.module.recognition" >
4
5    <uses-sdk android:minSdkVersion="28" />
6
7    <uses-permission android:name="android.permission.INTERNET" />
7-->main\release\AndroidManifest.xml:3:5-67
7-->main\release\AndroidManifest.xml:3:22-64
8    <uses-permission android:name="android.permission.ACCESS_NETWORK_STATE" />
8-->main\release\AndroidManifest.xml:4:5-79
8-->main\release\AndroidManifest.xml:4:22-76
9    <uses-permission android:name="android.permission.ACCESS_WIFI_STATE" />
9-->main\release\AndroidManifest.xml:5:5-76
9-->main\release\AndroidManifest.xml:5:22-73
10
11    <application>
11-->main\release\AndroidManifest.xml:6:5-13:19
12        <activity
12-->main\release\AndroidManifest.xml:7:9-12:20
13            android:name="com.xuptggg.module.recognition.RecognitionActivity"
13-->main\release\AndroidManifest.xml:8:13-48
14            android:exported="true"
14-->main\release\AndroidManifest.xml:11:13-36
15            android:noHistory="true"
15-->main\release\AndroidManifest.xml:9:13-37
16            android:windowSoftInputMode="adjustPan" >
16-->main\release\AndroidManifest.xml:10:13-52
17        </activity>
18    </application>
19
20</manifest>